Using pre-set license
Built from '2020.3/staging' branch; Version is '2020.3.21f1 (a38c86f6690f) revision 10718342'; Using compiler version '192528614'; Build Type 'Release'
OS: 'Windows 10 Education; OS build 19042.1288; Version 2009; 64bit' Language: 'ru' Physical Memory: 16346 MB
BatchMode: 1, IsHumanControllingUs: 0, StartBugReporterOnCrash: 0, Is64bit: 1, IsPro: 0

COMMAND LINE ARGUMENTS:
C:\Program Files\Unity\Hub\Editor\2020.3.21f1\Editor\Unity.exe
-adb2
-batchMode
-noUpm
-name
AssetImportWorker0
-projectPath
D:/Workspace/ETAS
-logFile
Logs/AssetImportWorker0.log
-srvPort
61791
Successfully changed project path to: D:/Workspace/ETAS
D:/Workspace/ETAS
Using Asset Import Pipeline V2.
Refreshing native plugins compatible for Editor in 85.65 ms, found 3 plugins.
Preloading 0 native plugins for Editor in 0.00 ms.
Initialize engine version: 2020.3.21f1 (a38c86f6690f)
[Subsystems] Discovering subsystems at path C:/Program Files/Unity/Hub/Editor/2020.3.21f1/Editor/Data/Resources/UnitySubsystems
[Subsystems] Discovering subsystems at path D:/Workspace/ETAS/Assets
GfxDevice: creating device client; threaded=0
Direct3D:
    Version:  Direct3D 11.0 [level 11.1]
    Renderer: Radeon RX 570 Series (ID=0x67df)
    Vendor:   
    VRAM:     4075 MB
    Driver:   27.20.22025.1006
Initialize mono
Mono path[0] = 'C:/Program Files/Unity/Hub/Editor/2020.3.21f1/Editor/Data/Managed'
Mono path[1] = 'C:/Program Files/Unity/Hub/Editor/2020.3.21f1/Editor/Data/MonoBleedingEdge/lib/mono/unityjit'
Mono config path = 'C:/Program Files/Unity/Hub/Editor/2020.3.21f1/Editor/Data/MonoBleedingEdge/etc'
Using monoOptions --debugger-agent=transport=dt_socket,embedding=1,server=y,suspend=n,address=127.0.0.1:56164
Begin MonoManager ReloadAssembly
Registering precompiled unity dll's ...
Register platform support module: C:/Program Files/Unity/Hub/Editor/2020.3.21f1/Editor/Data/PlaybackEngines/WindowsStandaloneSupport/UnityEditor.WindowsStandalone.Extensions.dll
Registered in 0.004132 seconds.
Native extension for WindowsStandalone target not found
Refreshing native plugins compatible for Editor in 87.34 ms, found 3 plugins.
Preloading 0 native plugins for Editor in 0.00 ms.
Mono: successfully reloaded assembly
- Completed reload, in  3.717 seconds
Domain Reload Profiling:
	ReloadAssembly (3718ms)
		BeginReloadAssembly (106ms)
			ExecutionOrderSort (0ms)
			DisableScriptedObjects (0ms)
			BackupInstance (0ms)
			ReleaseScriptingObjects (0ms)
			CreateAndSetChildDomain (1ms)
		EndReloadAssembly (876ms)
			LoadAssemblies (101ms)
			RebuildTransferFunctionScriptingTraits (0ms)
			SetupTypeCache (316ms)
			ReleaseScriptCaches (0ms)
			RebuildScriptCaches (63ms)
			SetupLoadedEditorAssemblies (303ms)
				LogAssemblyErrors (0ms)
				InitializePlatformSupportModulesInManaged (6ms)
				SetLoadedEditorAssemblies (0ms)
				RefreshPlugins (88ms)
				BeforeProcessingInitializeOnLoad (13ms)
				ProcessInitializeOnLoadAttributes (142ms)
				ProcessInitializeOnLoadMethodAttributes (53ms)
				AfterProcessingInitializeOnLoad (0ms)
				EditorAssembliesLoaded (0ms)
			ExecutionOrderSort2 (0ms)
			AwakeInstancesAfterBackupRestoration (0ms)
Platform modules already initialized, skipping
Registering precompiled user dll's ...
Registered in 0.006552 seconds.
Begin MonoManager ReloadAssembly
Native extension for WindowsStandalone target not found
Refreshing native plugins compatible for Editor in 83.72 ms, found 3 plugins.
Preloading 0 native plugins for Editor in 0.00 ms.
Mono: successfully reloaded assembly
- Completed reload, in  2.301 seconds
Domain Reload Profiling:
	ReloadAssembly (2303ms)
		BeginReloadAssembly (302ms)
			ExecutionOrderSort (0ms)
			DisableScriptedObjects (9ms)
			BackupInstance (0ms)
			ReleaseScriptingObjects (0ms)
			CreateAndSetChildDomain (37ms)
		EndReloadAssembly (1863ms)
			LoadAssemblies (176ms)
			RebuildTransferFunctionScriptingTraits (0ms)
			SetupTypeCache (718ms)
			ReleaseScriptCaches (1ms)
			RebuildScriptCaches (104ms)
			SetupLoadedEditorAssemblies (618ms)
				LogAssemblyErrors (0ms)
				InitializePlatformSupportModulesInManaged (6ms)
				SetLoadedEditorAssemblies (0ms)
				RefreshPlugins (84ms)
				BeforeProcessingInitializeOnLoad (121ms)
				ProcessInitializeOnLoadAttributes (361ms)
				ProcessInitializeOnLoadMethodAttributes (28ms)
				AfterProcessingInitializeOnLoad (18ms)
				EditorAssembliesLoaded (0ms)
			ExecutionOrderSort2 (0ms)
			AwakeInstancesAfterBackupRestoration (12ms)
Platform modules already initialized, skipping
========================================================================
Worker process is ready to serve import requests
Launched and connected shader compiler UnityShaderCompiler.exe after 0.13 seconds
Refreshing native plugins compatible for Editor in 0.78 ms, found 3 plugins.
Preloading 0 native plugins for Editor in 0.00 ms.
Unloading 2182 Unused Serialized files (Serialized files now loaded: 0)
System memory in use before: 95.4 MB.
System memory in use after: 95.5 MB.

Unloading 28 unused Assets to reduce memory usage. Loaded Objects now: 2615.
Total: 5.201500 ms (FindLiveObjects: 0.518300 ms CreateObjectMapping: 0.137300 ms MarkObjects: 4.439800 ms  DeleteObjects: 0.104000 ms)

AssetImportParameters requested are different than current active one (requested -> active):
  custom:framework-win-MediaFoundation: 216162199b28c13a410421893ffa2e32 -> 
  custom:video-decoder-ogg-theora: a1e56fd34408186e4bbccfd4996cb3dc -> 
  custom:container-muxer-webm: aa71ff27fc2769a1b78a27578f13a17b -> 
  custom:container-demuxer-webm: 4f35f7cbe854078d1ac9338744f61a02 -> 
  custom:container-demuxer-ogg: 62fdf1f143b41e24485cea50d1cbac27 -> 
  custom:video-encoder-webm-vp8: eb34c28f22e8b96e1ab97ce403110664 -> 
  custom:video-decoder-webm-vp8: 9c59270c3fd7afecdb556c50c9e8de78 -> 
  custom:audio-decoder-ogg-vorbis: bf7c407c2cedff20999df2af8eb42d56 -> 
  custom:audio-encoder-webm-vorbis: bf7c407c2cedff20999df2af8eb42d56 -> 
========================================================================
Received Import Request.
  path: Assets/Scenes
  artifactKey: Guid(9dcfec947d1c1fa45a96c78620549be4) Importer(815301076,1909f56bfc062723c751e8b465ee728b)
Start importing Assets/Scenes using Guid(9dcfec947d1c1fa45a96c78620549be4) Importer(815301076,1909f56bfc062723c751e8b465ee728b)  -> (artifact id: 'b6a48383916287a0f69b8e078d58dd95') in 0.015685 seconds 
  Import took 0.020943 seconds .

========================================================================
Received Import Request.
  Time since last request: 729.914667 seconds.
  path: Assets/Client
  artifactKey: Guid(926cc26ebd758e94697e0e6a9e4a8e04) Importer(815301076,1909f56bfc062723c751e8b465ee728b)
Start importing Assets/Client using Guid(926cc26ebd758e94697e0e6a9e4a8e04) Importer(815301076,1909f56bfc062723c751e8b465ee728b)  -> (artifact id: 'cfcf6dac525c658a043adc5edfa60ee6') in 0.014567 seconds 
  Import took 0.020228 seconds .

========================================================================
Received Import Request.
  Time since last request: 12.862989 seconds.
  path: Assets/Images
  artifactKey: Guid(4b1b716e57cd63945b76efdfe756c3ff) Importer(815301076,1909f56bfc062723c751e8b465ee728b)
Start importing Assets/Images using Guid(4b1b716e57cd63945b76efdfe756c3ff) Importer(815301076,1909f56bfc062723c751e8b465ee728b)  -> (artifact id: '6fe56279127621870731e01c20a903de') in 0.014111 seconds 
  Import took 0.019532 seconds .

========================================================================
Received Import Request.
  Time since last request: 38.411306 seconds.
  path: Assets/Client/Scripts
  artifactKey: Guid(3055f513738974e48a71d9f81af62dda) Importer(815301076,1909f56bfc062723c751e8b465ee728b)
Start importing Assets/Client/Scripts using Guid(3055f513738974e48a71d9f81af62dda) Importer(815301076,1909f56bfc062723c751e8b465ee728b)  -> (artifact id: 'dd3cd7c57940eff65fc491de6da1045f') in 0.013446 seconds 
  Import took 0.019667 seconds .

========================================================================
Received Import Request.
  Time since last request: 13.476713 seconds.
  path: Assets/Client/Prefabs
  artifactKey: Guid(ed349baf61f5f034c99df723527bd97a) Importer(815301076,1909f56bfc062723c751e8b465ee728b)
Start importing Assets/Client/Prefabs using Guid(ed349baf61f5f034c99df723527bd97a) Importer(815301076,1909f56bfc062723c751e8b465ee728b)  -> (artifact id: '54863ad243a1cc560c10f3467fcbdae3') in 0.013748 seconds 
  Import took 0.018916 seconds .

========================================================================
Received Import Request.
  Time since last request: 14.372101 seconds.
  path: Assets/Client/Sounds
  artifactKey: Guid(ef5352e1638cb3b45a999cc5409daef9) Importer(815301076,1909f56bfc062723c751e8b465ee728b)
Start importing Assets/Client/Sounds using Guid(ef5352e1638cb3b45a999cc5409daef9) Importer(815301076,1909f56bfc062723c751e8b465ee728b)  -> (artifact id: '256712aa0ccdc36af3f710b87cafed7b') in 0.014536 seconds 
  Import took 0.021048 seconds .

========================================================================
Received Import Request.
  Time since last request: 12.036370 seconds.
  path: Assets/Client/Images/UI
  artifactKey: Guid(2e1d5a4631cff3d4e84b7453de25b054) Importer(815301076,1909f56bfc062723c751e8b465ee728b)
Start importing Assets/Client/Images/UI using Guid(2e1d5a4631cff3d4e84b7453de25b054) Importer(815301076,1909f56bfc062723c751e8b465ee728b)  -> (artifact id: '3ab454e4d848ed64386a670756b6478f') in 0.018064 seconds 
  Import took 0.025007 seconds .

========================================================================
Received Import Request.
  Time since last request: 82.230941 seconds.
  path: Assets/Client/Resources
  artifactKey: Guid(a89bb47bc6e059442a1f874e83679e02) Importer(815301076,1909f56bfc062723c751e8b465ee728b)
Start importing Assets/Client/Resources using Guid(a89bb47bc6e059442a1f874e83679e02) Importer(815301076,1909f56bfc062723c751e8b465ee728b)  -> (artifact id: '14d236313976bdf706c0618a6a89f3fb') in 0.016022 seconds 
  Import took 0.022370 seconds .

